[2024-08-25 00:40:48 DEBUG Log:28] Load part thành công (1476)
[2024-08-25 00:40:48 DEBUG Log:28] Load map template thành công (163)
[2024-08-25 00:40:48 DEBUG Log:28] Load skill thành công (3)
[2024-08-25 00:40:48 DEBUG Log:28] Load head avatar thành công (365)
[2024-08-25 00:40:48 DEBUG Log:28] Load flag bag thành công (108)
[2024-08-25 00:40:48 DEBUG Log:28] Load c?i trang thành công (359)
[2024-08-25 00:40:48 DEBUG Log:28] Load intrinsic thành công (26)
[2024-08-25 00:40:48 DEBUG Log:28] Load task thành công (33)
[2024-08-25 00:40:48 DEBUG Log:28] Load side task thành công (59)
[2024-08-25 00:40:48 DEBUG Log:28] Load map item template thành công (2115)
[2024-08-25 00:40:48 DEBUG Log:28] Load map item option template thành công (249)
[2024-08-25 00:40:48 DEBUG Log:28] Load shop thành công (24)
[2024-08-25 00:40:48 DEBUG Log:28] Load reward lucky round thành công! 98.26
[2024-08-25 00:40:48 DEBUG Log:28] Load reward lucky round thành công (87)
[2024-08-25 00:40:48 DEBUG Log:28] Load mob template thành công (84)
[2024-08-25 00:40:48 DEBUG Log:28] Load npc template thành công (81)
[2024-08-25 00:40:50 DEBUG Log:28] Init map thành công!
[2024-08-25 00:40:50 DEBUG Log:28] Thông báo t?i d? li?u images by name thành công (125)
[2024-08-25 00:40:50 DEBUG Log:28] Load clan thành công (128), clan next id: 150
[2024-08-25 00:40:50 DEBUG Log:20] T?ng th?i gian load database: 3107(ms)
[2024-08-25 00:40:50 DEBUG Log:20] Start server......... Current thread: 273
[2024-08-25 00:49:56 DEBUG Log:28] Load part thành công (1476)
[2024-08-25 00:49:56 DEBUG Log:28] Load map template thành công (163)
[2024-08-25 00:49:56 DEBUG Log:28] Load skill thành công (3)
[2024-08-25 00:49:56 DEBUG Log:28] Load head avatar thành công (365)
[2024-08-25 00:49:56 DEBUG Log:28] Load flag bag thành công (108)
[2024-08-25 00:49:56 DEBUG Log:28] Load c?i trang thành công (359)
[2024-08-25 00:49:56 DEBUG Log:28] Load intrinsic thành công (26)
[2024-08-25 00:49:56 DEBUG Log:28] Load task thành công (33)
[2024-08-25 00:49:56 DEBUG Log:28] Load side task thành công (59)
[2024-08-25 00:49:56 DEBUG Log:28] Load map item template thành công (2115)
[2024-08-25 00:49:56 DEBUG Log:28] Load map item option template thành công (249)
[2024-08-25 00:49:57 DEBUG Log:28] Load shop thành công (24)
[2024-08-25 00:49:57 DEBUG Log:28] Load reward lucky round thành công! 98.26
[2024-08-25 00:49:57 DEBUG Log:28] Load reward lucky round thành công (87)
[2024-08-25 00:49:57 DEBUG Log:28] Load mob template thành công (84)
[2024-08-25 00:49:57 DEBUG Log:28] Load npc template thành công (81)
[2024-08-25 00:49:58 DEBUG Log:28] Init map thành công!
[2024-08-25 00:49:58 DEBUG Log:28] Thông báo t?i d? li?u images by name thành công (125)
[2024-08-25 00:49:58 DEBUG Log:28] Load clan thành công (128), clan next id: 150
[2024-08-25 00:49:58 DEBUG Log:20] T?ng th?i gian load database: 2807(ms)
[2024-08-25 00:49:58 DEBUG Log:20] Start server......... Current thread: 272
[2024-08-25 00:53:06 DEBUG Log:28] Load part thành công (1476)
[2024-08-25 00:53:06 DEBUG Log:28] Load map template thành công (163)
[2024-08-25 00:53:06 DEBUG Log:28] Load skill thành công (3)
[2024-08-25 00:53:06 DEBUG Log:28] Load head avatar thành công (365)
[2024-08-25 00:53:06 DEBUG Log:28] Load flag bag thành công (108)
[2024-08-25 00:53:06 DEBUG Log:28] Load c?i trang thành công (359)
[2024-08-25 00:53:06 DEBUG Log:28] Load intrinsic thành công (26)
[2024-08-25 00:53:06 DEBUG Log:28] Load task thành công (33)
[2024-08-25 00:53:06 DEBUG Log:28] Load side task thành công (59)
[2024-08-25 00:53:06 DEBUG Log:28] Load map item template thành công (2115)
[2024-08-25 00:53:06 DEBUG Log:28] Load map item option template thành công (249)
[2024-08-25 00:53:07 DEBUG Log:28] Load shop thành công (24)
[2024-08-25 00:53:07 DEBUG Log:28] Load reward lucky round thành công! 98.26
[2024-08-25 00:53:07 DEBUG Log:28] Load reward lucky round thành công (87)
[2024-08-25 00:53:07 DEBUG Log:28] Load mob template thành công (84)
[2024-08-25 00:53:07 DEBUG Log:28] Load npc template thành công (81)
[2024-08-25 00:53:08 DEBUG Log:28] Init map thành công!
[2024-08-25 00:53:08 DEBUG Log:28] Thông báo t?i d? li?u images by name thành công (125)
[2024-08-25 00:53:08 DEBUG Log:28] Load clan thành công (128), clan next id: 150
[2024-08-25 00:53:08 DEBUG Log:20] T?ng th?i gian load database: 2571(ms)
[2024-08-25 00:53:08 DEBUG Log:20] Start server......... Current thread: 273
[2024-08-25 01:01:32 DEBUG Log:28] Load part thành công (1476)
[2024-08-25 01:01:32 DEBUG Log:28] Load map template thành công (163)
[2024-08-25 01:01:32 DEBUG Log:28] Load skill thành công (3)
[2024-08-25 01:01:32 DEBUG Log:28] Load head avatar thành công (365)
[2024-08-25 01:01:32 DEBUG Log:28] Load flag bag thành công (108)
[2024-08-25 01:01:32 DEBUG Log:28] Load c?i trang thành công (359)
[2024-08-25 01:01:32 DEBUG Log:28] Load intrinsic thành công (26)
[2024-08-25 01:01:32 DEBUG Log:28] Load task thành công (33)
[2024-08-25 01:01:32 DEBUG Log:28] Load side task thành công (59)
[2024-08-25 01:01:32 DEBUG Log:28] Load map item template thành công (2115)
[2024-08-25 01:01:32 DEBUG Log:28] Load map item option template thành công (249)
[2024-08-25 01:01:33 DEBUG Log:28] Load shop thành công (24)
[2024-08-25 01:01:33 DEBUG Log:28] Load reward lucky round thành công! 98.26
[2024-08-25 01:01:33 DEBUG Log:28] Load reward lucky round thành công (87)
[2024-08-25 01:01:33 DEBUG Log:28] Load mob template thành công (84)
[2024-08-25 01:01:33 DEBUG Log:28] Load npc template thành công (81)
[2024-08-25 01:01:34 DEBUG Log:28] Init map thành công!
[2024-08-25 01:01:34 DEBUG Log:28] Thông báo t?i d? li?u images by name thành công (125)
[2024-08-25 01:01:34 DEBUG Log:28] Load clan thành công (128), clan next id: 150
[2024-08-25 01:01:34 DEBUG Log:20] T?ng th?i gian load database: 2910(ms)
[2024-08-25 01:01:34 DEBUG Log:20] Start server......... Current thread: 273
[2024-08-25 01:03:27 DEBUG Log:28] Load part thành công (1476)
[2024-08-25 01:03:27 DEBUG Log:28] Load map template thành công (163)
[2024-08-25 01:03:27 DEBUG Log:28] Load skill thành công (3)
[2024-08-25 01:03:27 DEBUG Log:28] Load head avatar thành công (365)
[2024-08-25 01:03:27 DEBUG Log:28] Load flag bag thành công (108)
[2024-08-25 01:03:27 DEBUG Log:28] Load c?i trang thành công (359)
[2024-08-25 01:03:27 DEBUG Log:28] Load intrinsic thành công (26)
[2024-08-25 01:03:27 DEBUG Log:28] Load task thành công (33)
[2024-08-25 01:03:27 DEBUG Log:28] Load side task thành công (59)
[2024-08-25 01:03:27 DEBUG Log:28] Load map item template thành công (2115)
[2024-08-25 01:03:27 DEBUG Log:28] Load map item option template thành công (249)
[2024-08-25 01:03:28 DEBUG Log:28] Load shop thành công (24)
[2024-08-25 01:03:28 DEBUG Log:28] Load reward lucky round thành công! 98.26
[2024-08-25 01:03:28 DEBUG Log:28] Load reward lucky round thành công (87)
[2024-08-25 01:03:28 DEBUG Log:28] Load mob template thành công (84)
[2024-08-25 01:03:28 DEBUG Log:28] Load npc template thành công (81)
[2024-08-25 01:03:29 DEBUG Log:28] Init map thành công!
[2024-08-25 01:03:29 DEBUG Log:28] Thông báo t?i d? li?u images by name thành công (125)
[2024-08-25 01:03:29 DEBUG Log:28] Load clan thành công (128), clan next id: 150
[2024-08-25 01:03:29 DEBUG Log:20] T?ng th?i gian load database: 2997(ms)
[2024-08-25 01:03:29 DEBUG Log:20] Start server......... Current thread: 271
[2024-08-25 01:06:39 DEBUG Log:28] Load part thành công (1476)
[2024-08-25 01:06:39 DEBUG Log:28] Load map template thành công (163)
[2024-08-25 01:06:39 DEBUG Log:28] Load skill thành công (3)
[2024-08-25 01:06:39 DEBUG Log:28] Load head avatar thành công (365)
[2024-08-25 01:06:39 DEBUG Log:28] Load flag bag thành công (108)
[2024-08-25 01:06:39 DEBUG Log:28] Load c?i trang thành công (359)
[2024-08-25 01:06:39 DEBUG Log:28] Load intrinsic thành công (26)
[2024-08-25 01:06:39 DEBUG Log:28] Load task thành công (33)
[2024-08-25 01:06:39 DEBUG Log:28] Load side task thành công (59)
[2024-08-25 01:06:39 DEBUG Log:28] Load map item template thành công (2115)
[2024-08-25 01:06:40 DEBUG Log:28] Load map item option template thành công (249)
[2024-08-25 01:06:41 DEBUG Log:28] Load shop thành công (24)
[2024-08-25 01:06:41 DEBUG Log:28] Load reward lucky round thành công! 98.26
[2024-08-25 01:06:41 DEBUG Log:28] Load reward lucky round thành công (87)
[2024-08-25 01:06:41 DEBUG Log:28] Load mob template thành công (84)
[2024-08-25 01:06:41 DEBUG Log:28] Load npc template thành công (81)
[2024-08-25 01:06:42 DEBUG Log:28] Init map thành công!
[2024-08-25 01:06:42 DEBUG Log:28] Thông báo t?i d? li?u images by name thành công (125)
[2024-08-25 01:06:42 DEBUG Log:28] Load clan thành công (128), clan next id: 150
[2024-08-25 01:06:42 DEBUG Log:20] T?ng th?i gian load database: 3409(ms)
[2024-08-25 01:06:42 DEBUG Log:20] Start server......... Current thread: 270
[2024-08-25 01:10:37 DEBUG Log:28] Load part thành công (1476)
[2024-08-25 01:10:37 DEBUG Log:28] Load map template thành công (163)
[2024-08-25 01:10:37 DEBUG Log:28] Load skill thành công (3)
[2024-08-25 01:10:37 DEBUG Log:28] Load head avatar thành công (365)
[2024-08-25 01:10:37 DEBUG Log:28] Load flag bag thành công (108)
[2024-08-25 01:10:37 DEBUG Log:28] Load c?i trang thành công (359)
[2024-08-25 01:10:37 DEBUG Log:28] Load intrinsic thành công (26)
[2024-08-25 01:10:37 DEBUG Log:28] Load task thành công (33)
[2024-08-25 01:10:37 DEBUG Log:28] Load side task thành công (59)
[2024-08-25 01:10:37 DEBUG Log:28] Load map item template thành công (2115)
[2024-08-25 01:10:37 DEBUG Log:28] Load map item option template thành công (249)
[2024-08-25 01:10:38 DEBUG Log:28] Load shop thành công (24)
[2024-08-25 01:10:38 DEBUG Log:28] Load reward lucky round thành công! 98.26
[2024-08-25 01:10:38 DEBUG Log:28] Load reward lucky round thành công (87)
[2024-08-25 01:10:38 DEBUG Log:28] Load mob template thành công (84)
[2024-08-25 01:10:38 DEBUG Log:28] Load npc template thành công (81)
[2024-08-25 01:10:39 DEBUG Log:28] Init map thành công!
[2024-08-25 01:10:39 DEBUG Log:28] Thông báo t?i d? li?u images by name thành công (125)
[2024-08-25 01:10:39 DEBUG Log:28] Load clan thành công (128), clan next id: 150
[2024-08-25 01:10:39 DEBUG Log:20] T?ng th?i gian load database: 3120(ms)
[2024-08-25 01:10:39 DEBUG Log:20] Start server......... Current thread: 271
[2024-08-25 01:29:08 DEBUG Log:28] Load part thành công (1476)
[2024-08-25 01:29:08 DEBUG Log:28] Load map template thành công (163)
[2024-08-25 01:29:08 DEBUG Log:28] Load skill thành công (3)
[2024-08-25 01:29:08 DEBUG Log:28] Load head avatar thành công (365)
[2024-08-25 01:29:08 DEBUG Log:28] Load flag bag thành công (108)
[2024-08-25 01:29:08 DEBUG Log:28] Load c?i trang thành công (359)
[2024-08-25 01:29:08 DEBUG Log:28] Load intrinsic thành công (26)
[2024-08-25 01:29:08 DEBUG Log:28] Load task thành công (33)
[2024-08-25 01:29:08 DEBUG Log:28] Load side task thành công (59)
[2024-08-25 01:29:08 DEBUG Log:28] Load map item template thành công (2115)
[2024-08-25 01:29:08 DEBUG Log:28] Load map item option template thành công (249)
[2024-08-25 01:29:09 DEBUG Log:28] Load shop thành công (24)
[2024-08-25 01:29:09 DEBUG Log:28] Load reward lucky round thành công! 98.26
[2024-08-25 01:29:09 DEBUG Log:28] Load reward lucky round thành công (87)
[2024-08-25 01:29:09 DEBUG Log:28] Load mob template thành công (84)
[2024-08-25 01:29:09 DEBUG Log:28] Load npc template thành công (81)
[2024-08-25 01:29:10 DEBUG Log:28] Init map thành công!
[2024-08-25 01:29:10 DEBUG Log:28] Thông báo t?i d? li?u images by name thành công (125)
[2024-08-25 01:29:10 DEBUG Log:28] Load clan thành công (128), clan next id: 150
[2024-08-25 01:29:10 DEBUG Log:20] T?ng th?i gian load database: 2706(ms)
[2024-08-25 01:29:10 DEBUG Log:20] Start server......... Current thread: 272
[2024-08-25 01:39:26 DEBUG Log:28] Load part thành công (1476)
[2024-08-25 01:39:26 DEBUG Log:28] Load map template thành công (163)
[2024-08-25 01:39:26 DEBUG Log:28] Load skill thành công (3)
[2024-08-25 01:39:26 DEBUG Log:28] Load head avatar thành công (365)
[2024-08-25 01:39:26 DEBUG Log:28] Load flag bag thành công (108)
[2024-08-25 01:39:26 DEBUG Log:28] Load c?i trang thành công (359)
[2024-08-25 01:39:26 DEBUG Log:28] Load intrinsic thành công (26)
[2024-08-25 01:39:26 DEBUG Log:28] Load task thành công (33)
[2024-08-25 01:39:26 DEBUG Log:28] Load side task thành công (59)
[2024-08-25 01:39:26 DEBUG Log:28] Load map item template thành công (2115)
[2024-08-25 01:39:26 DEBUG Log:28] Load map item option template thành công (249)
[2024-08-25 01:39:27 DEBUG Log:28] Load shop thành công (24)
[2024-08-25 01:39:27 DEBUG Log:28] Load reward lucky round thành công! 98.26
[2024-08-25 01:39:27 DEBUG Log:28] Load reward lucky round thành công (87)
[2024-08-25 01:39:27 DEBUG Log:28] Load mob template thành công (84)
[2024-08-25 01:39:27 DEBUG Log:28] Load npc template thành công (81)
[2024-08-25 01:39:28 DEBUG Log:28] Init map thành công!
[2024-08-25 01:39:28 DEBUG Log:28] Thông báo t?i d? li?u images by name thành công (125)
[2024-08-25 01:39:28 DEBUG Log:28] Load clan thành công (128), clan next id: 150
[2024-08-25 01:39:28 DEBUG Log:20] T?ng th?i gian load database: 2384(ms)
[2024-08-25 01:39:28 DEBUG Log:20] Start server......... Current thread: 271
[2024-08-25 01:49:55 DEBUG Log:28] Load part thành công (1476)
[2024-08-25 01:49:55 DEBUG Log:28] Load map template thành công (163)
[2024-08-25 01:49:55 DEBUG Log:28] Load skill thành công (3)
[2024-08-25 01:49:55 DEBUG Log:28] Load head avatar thành công (365)
[2024-08-25 01:49:55 DEBUG Log:28] Load flag bag thành công (108)
[2024-08-25 01:49:55 DEBUG Log:28] Load c?i trang thành công (359)
[2024-08-25 01:49:55 DEBUG Log:28] Load intrinsic thành công (26)
[2024-08-25 01:49:55 DEBUG Log:28] Load task thành công (33)
[2024-08-25 01:49:55 DEBUG Log:28] Load side task thành công (59)
[2024-08-25 01:49:55 DEBUG Log:28] Load map item template thành công (2115)
[2024-08-25 01:49:55 DEBUG Log:28] Load map item option template thành công (249)
[2024-08-25 01:49:56 DEBUG Log:28] Load shop thành công (24)
[2024-08-25 01:49:56 DEBUG Log:28] Load reward lucky round thành công! 98.26
[2024-08-25 01:49:56 DEBUG Log:28] Load reward lucky round thành công (87)
[2024-08-25 01:49:56 DEBUG Log:28] Load mob template thành công (84)
[2024-08-25 01:49:56 DEBUG Log:28] Load npc template thành công (81)
[2024-08-25 01:49:57 DEBUG Log:28] Init map thành công!
[2024-08-25 01:49:57 DEBUG Log:28] Thông báo t?i d? li?u images by name thành công (125)
[2024-08-25 01:49:57 DEBUG Log:28] Load clan thành công (128), clan next id: 150
[2024-08-25 01:49:57 DEBUG Log:20] T?ng th?i gian load database: 2694(ms)
[2024-08-25 01:49:57 DEBUG Log:20] Start server......... Current thread: 272
[2024-08-25 02:02:38 DEBUG Log:28] Load part thành công (1476)
[2024-08-25 02:02:39 DEBUG Log:28] Load map template thành công (163)
[2024-08-25 02:02:39 DEBUG Log:28] Load skill thành công (3)
[2024-08-25 02:02:39 DEBUG Log:28] Load head avatar thành công (365)
[2024-08-25 02:02:39 DEBUG Log:28] Load flag bag thành công (108)
[2024-08-25 02:02:39 DEBUG Log:28] Load c?i trang thành công (359)
[2024-08-25 02:02:39 DEBUG Log:28] Load intrinsic thành công (26)
[2024-08-25 02:02:39 DEBUG Log:28] Load task thành công (33)
[2024-08-25 02:02:39 DEBUG Log:28] Load side task thành công (59)
[2024-08-25 02:02:39 DEBUG Log:28] Load map item template thành công (2115)
[2024-08-25 02:02:39 DEBUG Log:28] Load map item option template thành công (249)
[2024-08-25 02:02:39 DEBUG Log:28] Load shop thành công (24)
[2024-08-25 02:02:39 DEBUG Log:28] Load reward lucky round thành công! 98.26
[2024-08-25 02:02:39 DEBUG Log:28] Load reward lucky round thành công (87)
[2024-08-25 02:02:39 DEBUG Log:28] Load mob template thành công (84)
[2024-08-25 02:02:39 DEBUG Log:28] Load npc template thành công (81)
[2024-08-25 02:02:40 DEBUG Log:28] Init map thành công!
[2024-08-25 02:02:40 DEBUG Log:28] Thông báo t?i d? li?u images by name thành công (125)
[2024-08-25 02:02:40 DEBUG Log:28] Load clan thành công (128), clan next id: 150
[2024-08-25 02:02:40 DEBUG Log:20] T?ng th?i gian load database: 2500(ms)
[2024-08-25 02:02:40 DEBUG Log:20] Start server......... Current thread: 271
[2024-08-25 02:19:34 DEBUG Log:28] Load part thành công (1476)
[2024-08-25 02:19:34 DEBUG Log:28] Load map template thành công (163)
[2024-08-25 02:19:34 DEBUG Log:28] Load skill thành công (3)
[2024-08-25 02:19:34 DEBUG Log:28] Load head avatar thành công (365)
[2024-08-25 02:19:34 DEBUG Log:28] Load flag bag thành công (108)
[2024-08-25 02:19:34 DEBUG Log:28] Load c?i trang thành công (359)
[2024-08-25 02:19:34 DEBUG Log:28] Load intrinsic thành công (26)
[2024-08-25 02:19:34 DEBUG Log:28] Load task thành công (33)
[2024-08-25 02:19:34 DEBUG Log:28] Load side task thành công (59)
[2024-08-25 02:19:34 DEBUG Log:28] Load map item template thành công (2115)
[2024-08-25 02:19:34 DEBUG Log:28] Load map item option template thành công (249)
[2024-08-25 02:19:35 DEBUG Log:28] Load shop thành công (24)
[2024-08-25 02:19:35 DEBUG Log:28] Load reward lucky round thành công! 98.26
[2024-08-25 02:19:35 DEBUG Log:28] Load reward lucky round thành công (87)
[2024-08-25 02:19:35 DEBUG Log:28] Load mob template thành công (84)
[2024-08-25 02:19:35 DEBUG Log:28] Load npc template thành công (81)
[2024-08-25 02:19:36 DEBUG Log:28] Init map thành công!
[2024-08-25 02:19:36 DEBUG Log:28] Thông báo t?i d? li?u images by name thành công (125)
[2024-08-25 02:19:36 DEBUG Log:28] Load clan thành công (128), clan next id: 150
[2024-08-25 02:19:36 DEBUG Log:20] T?ng th?i gian load database: 2647(ms)
[2024-08-25 02:19:36 DEBUG Log:20] Start server......... Current thread: 270
[2024-08-25 02:30:39 ERROR Log:48] nro.jdbc.daos.PlayerDAO:L?i t?o player m?i
java.sql.SQLException: Field 'data_item_noel' doesn't have a default value
	at com.mysql.cj.jdbc.exceptions.SQLError.createSQLException(SQLError.java:129)
	at com.mysql.cj.jdbc.exceptions.SQLExceptionsMapping.translateException(SQLExceptionsMapping.java:122)
	at com.mysql.cj.jdbc.ServerPreparedStatement.serverExecute(ServerPreparedStatement.java:555)
	at com.mysql.cj.jdbc.ServerPreparedStatement.executeInternal(ServerPreparedStatement.java:339)
	at com.mysql.cj.jdbc.ClientPreparedStatement.executeUpdateInternal(ClientPreparedStatement.java:1061)
	at com.mysql.cj.jdbc.ClientPreparedStatement.executeUpdateInternal(ClientPreparedStatement.java:1009)
	at com.mysql.cj.jdbc.ClientPreparedStatement.executeLargeUpdate(ClientPreparedStatement.java:1320)
	at com.mysql.cj.jdbc.ClientPreparedStatement.executeUpdate(ClientPreparedStatement.java:994)
	at com.zaxxer.hikari.pool.ProxyPreparedStatement.executeUpdate(ProxyPreparedStatement.java:61)
	at com.zaxxer.hikari.pool.HikariProxyPreparedStatement.executeUpdate(HikariProxyPreparedStatement.java)
	at nro.jdbc.daos.PlayerDAO.createNewPlayer(PlayerDAO.java:310)
	at nro.services.PlayerService.createPlayer(PlayerService.java:264)
	at nro.server.Controller.createChar(Controller.java:779)
	at nro.server.Controller.messageNotMap(Controller.java:681)
	at nro.server.Controller.onMessage(Controller.java:545)
	at nro.server.io.MessageCollector.run(MessageCollector.java:38)
	at java.base/java.lang.Thread.run(Thread.java:842)
[2024-08-25 02:30:43 ERROR Log:48] nro.jdbc.daos.PlayerDAO:L?i t?o player m?i
java.sql.SQLException: Field 'data_item_noel' doesn't have a default value
	at com.mysql.cj.jdbc.exceptions.SQLError.createSQLException(SQLError.java:129)
	at com.mysql.cj.jdbc.exceptions.SQLExceptionsMapping.translateException(SQLExceptionsMapping.java:122)
	at com.mysql.cj.jdbc.ServerPreparedStatement.serverExecute(ServerPreparedStatement.java:555)
	at com.mysql.cj.jdbc.ServerPreparedStatement.executeInternal(ServerPreparedStatement.java:339)
	at com.mysql.cj.jdbc.ClientPreparedStatement.executeUpdateInternal(ClientPreparedStatement.java:1061)
	at com.mysql.cj.jdbc.ClientPreparedStatement.executeUpdateInternal(ClientPreparedStatement.java:1009)
	at com.mysql.cj.jdbc.ClientPreparedStatement.executeLargeUpdate(ClientPreparedStatement.java:1320)
	at com.mysql.cj.jdbc.ClientPreparedStatement.executeUpdate(ClientPreparedStatement.java:994)
	at com.zaxxer.hikari.pool.ProxyPreparedStatement.executeUpdate(ProxyPreparedStatement.java:61)
	at com.zaxxer.hikari.pool.HikariProxyPreparedStatement.executeUpdate(HikariProxyPreparedStatement.java)
	at nro.jdbc.daos.PlayerDAO.createNewPlayer(PlayerDAO.java:310)
	at nro.services.PlayerService.createPlayer(PlayerService.java:264)
	at nro.server.Controller.createChar(Controller.java:779)
	at nro.server.Controller.messageNotMap(Controller.java:681)
	at nro.server.Controller.onMessage(Controller.java:545)
	at nro.server.io.MessageCollector.run(MessageCollector.java:38)
	at java.base/java.lang.Thread.run(Thread.java:842)
[2024-08-25 02:32:55 ERROR Log:48] nro.jdbc.daos.PlayerDAO:L?i t?o player m?i
java.sql.SQLException: Field 'lastTimeDiemDanhNoel' doesn't have a default value
	at com.mysql.cj.jdbc.exceptions.SQLError.createSQLException(SQLError.java:129)
	at com.mysql.cj.jdbc.exceptions.SQLExceptionsMapping.translateException(SQLExceptionsMapping.java:122)
	at com.mysql.cj.jdbc.ServerPreparedStatement.serverExecute(ServerPreparedStatement.java:555)
	at com.mysql.cj.jdbc.ServerPreparedStatement.executeInternal(ServerPreparedStatement.java:339)
	at com.mysql.cj.jdbc.ClientPreparedStatement.executeUpdateInternal(ClientPreparedStatement.java:1061)
	at com.mysql.cj.jdbc.ClientPreparedStatement.executeUpdateInternal(ClientPreparedStatement.java:1009)
	at com.mysql.cj.jdbc.ClientPreparedStatement.executeLargeUpdate(ClientPreparedStatement.java:1320)
	at com.mysql.cj.jdbc.ClientPreparedStatement.executeUpdate(ClientPreparedStatement.java:994)
	at com.zaxxer.hikari.pool.ProxyPreparedStatement.executeUpdate(ProxyPreparedStatement.java:61)
	at com.zaxxer.hikari.pool.HikariProxyPreparedStatement.executeUpdate(HikariProxyPreparedStatement.java)
	at nro.jdbc.daos.PlayerDAO.createNewPlayer(PlayerDAO.java:310)
	at nro.services.PlayerService.createPlayer(PlayerService.java:264)
	at nro.server.Controller.createChar(Controller.java:779)
	at nro.server.Controller.messageNotMap(Controller.java:681)
	at nro.server.Controller.onMessage(Controller.java:545)
	at nro.server.io.MessageCollector.run(MessageCollector.java:38)
	at java.base/java.lang.Thread.run(Thread.java:842)
[2024-08-25 02:45:39 DEBUG Log:28] Load part thành công (1476)
[2024-08-25 02:45:39 DEBUG Log:28] Load map template thành công (163)
[2024-08-25 02:45:39 DEBUG Log:28] Load skill thành công (3)
[2024-08-25 02:45:39 DEBUG Log:28] Load head avatar thành công (365)
[2024-08-25 02:45:39 DEBUG Log:28] Load flag bag thành công (108)
[2024-08-25 02:45:39 DEBUG Log:28] Load c?i trang thành công (359)
[2024-08-25 02:45:39 DEBUG Log:28] Load intrinsic thành công (26)
[2024-08-25 02:45:39 DEBUG Log:28] Load task thành công (33)
[2024-08-25 02:45:39 DEBUG Log:28] Load side task thành công (59)
[2024-08-25 02:45:39 DEBUG Log:28] Load map item template thành công (2115)
[2024-08-25 02:45:39 DEBUG Log:28] Load map item option template thành công (249)
[2024-08-25 02:45:39 DEBUG Log:28] Load shop thành công (24)
[2024-08-25 02:45:39 DEBUG Log:28] Load reward lucky round thành công! 98.26
[2024-08-25 02:45:39 DEBUG Log:28] Load reward lucky round thành công (87)
[2024-08-25 02:45:39 DEBUG Log:28] Load mob template thành công (84)
[2024-08-25 02:45:39 DEBUG Log:28] Load npc template thành công (81)
[2024-08-25 02:45:40 DEBUG Log:28] Init map thành công!
[2024-08-25 02:45:40 DEBUG Log:28] Thông báo t?i d? li?u images by name thành công (125)
[2024-08-25 02:45:40 DEBUG Log:28] Load clan thành công (128), clan next id: 150
[2024-08-25 02:45:40 DEBUG Log:20] T?ng th?i gian load database: 1259(ms)
[2024-08-25 02:45:40 DEBUG Log:20] Start server......... Current thread: 272
[2024-08-25 02:58:59 DEBUG Log:28] Load part thành công (1476)
[2024-08-25 02:58:59 DEBUG Log:28] Load map template thành công (163)
[2024-08-25 02:58:59 DEBUG Log:28] Load skill thành công (3)
[2024-08-25 02:58:59 DEBUG Log:28] Load head avatar thành công (365)
[2024-08-25 02:58:59 DEBUG Log:28] Load flag bag thành công (108)
[2024-08-25 02:58:59 DEBUG Log:28] Load c?i trang thành công (359)
[2024-08-25 02:58:59 DEBUG Log:28] Load intrinsic thành công (26)
[2024-08-25 02:58:59 DEBUG Log:28] Load task thành công (33)
[2024-08-25 02:58:59 DEBUG Log:28] Load side task thành công (59)
[2024-08-25 02:58:59 DEBUG Log:28] Load map item template thành công (2115)
[2024-08-25 02:58:59 DEBUG Log:28] Load map item option template thành công (249)
[2024-08-25 02:59:00 DEBUG Log:28] Load shop thành công (24)
[2024-08-25 02:59:00 DEBUG Log:28] Load reward lucky round thành công! 98.26
[2024-08-25 02:59:00 DEBUG Log:28] Load reward lucky round thành công (87)
[2024-08-25 02:59:00 DEBUG Log:28] Load mob template thành công (84)
[2024-08-25 02:59:00 DEBUG Log:28] Load npc template thành công (81)
[2024-08-25 02:59:01 DEBUG Log:28] Init map thành công!
[2024-08-25 02:59:01 DEBUG Log:28] Thông báo t?i d? li?u images by name thành công (125)
[2024-08-25 02:59:01 DEBUG Log:28] Load clan thành công (128), clan next id: 150
[2024-08-25 02:59:01 DEBUG Log:20] T?ng th?i gian load database: 2941(ms)
[2024-08-25 02:59:01 DEBUG Log:20] Start server......... Current thread: 272
[2024-08-25 03:18:19 DEBUG Log:28] Load part thành công (1476)
[2024-08-25 03:18:20 DEBUG Log:28] Load map template thành công (163)
[2024-08-25 03:18:20 DEBUG Log:28] Load skill thành công (3)
[2024-08-25 03:18:20 DEBUG Log:28] Load head avatar thành công (365)
[2024-08-25 03:18:20 DEBUG Log:28] Load flag bag thành công (108)
[2024-08-25 03:18:20 DEBUG Log:28] Load c?i trang thành công (359)
[2024-08-25 03:18:20 DEBUG Log:28] Load intrinsic thành công (26)
[2024-08-25 03:18:20 DEBUG Log:28] Load task thành công (33)
[2024-08-25 03:18:20 DEBUG Log:28] Load side task thành công (59)
[2024-08-25 03:18:20 DEBUG Log:28] Load map item template thành công (2115)
[2024-08-25 03:18:20 DEBUG Log:28] Load map item option template thành công (249)
[2024-08-25 03:18:20 DEBUG Log:28] Load shop thành công (24)
[2024-08-25 03:18:20 DEBUG Log:28] Load reward lucky round thành công! 98.26
[2024-08-25 03:18:21 DEBUG Log:28] Load reward lucky round thành công (87)
[2024-08-25 03:18:21 DEBUG Log:28] Load mob template thành công (84)
[2024-08-25 03:18:21 DEBUG Log:28] Load npc template thành công (81)
[2024-08-25 03:18:23 DEBUG Log:28] Init map thành công!
[2024-08-25 03:18:23 DEBUG Log:28] Thông báo t?i d? li?u images by name thành công (125)
[2024-08-25 03:18:23 DEBUG Log:28] Load clan thành công (128), clan next id: 150
[2024-08-25 03:18:23 DEBUG Log:20] T?ng th?i gian load database: 3910(ms)
[2024-08-25 03:18:23 DEBUG Log:20] Start server......... Current thread: 272
[2024-08-25 07:15:58 DEBUG Log:28] Load part thành công (1476)
[2024-08-25 07:15:58 DEBUG Log:28] Load map template thành công (163)
[2024-08-25 07:15:58 DEBUG Log:28] Load skill thành công (3)
[2024-08-25 07:15:58 DEBUG Log:28] Load head avatar thành công (365)
[2024-08-25 07:15:58 DEBUG Log:28] Load flag bag thành công (108)
[2024-08-25 07:15:58 DEBUG Log:28] Load c?i trang thành công (359)
[2024-08-25 07:15:58 DEBUG Log:28] Load intrinsic thành công (26)
[2024-08-25 07:15:58 DEBUG Log:28] Load task thành công (33)
[2024-08-25 07:15:58 DEBUG Log:28] Load side task thành công (59)
[2024-08-25 07:15:58 DEBUG Log:28] Load map item template thành công (2115)
[2024-08-25 07:15:58 DEBUG Log:28] Load map item option template thành công (249)
[2024-08-25 07:15:58 DEBUG Log:28] Load shop thành công (24)
[2024-08-25 07:15:58 DEBUG Log:28] Load reward lucky round thành công! 98.26
[2024-08-25 07:15:59 DEBUG Log:28] Load reward lucky round thành công (87)
[2024-08-25 07:15:59 DEBUG Log:28] Load mob template thành công (84)
[2024-08-25 07:15:59 DEBUG Log:28] Load npc template thành công (81)
[2024-08-25 07:16:00 DEBUG Log:28] Init map thành công!
[2024-08-25 07:16:00 DEBUG Log:28] Thông báo t?i d? li?u images by name thành công (125)
[2024-08-25 07:16:00 DEBUG Log:28] Load clan thành công (128), clan next id: 150
[2024-08-25 07:16:00 DEBUG Log:20] T?ng th?i gian load database: 2781(ms)
[2024-08-25 07:16:00 DEBUG Log:20] Start server......... Current thread: 273
[2024-08-25 07:25:19 DEBUG Log:28] Load part thành công (1476)
[2024-08-25 07:25:19 DEBUG Log:28] Load map template thành công (163)
[2024-08-25 07:25:19 DEBUG Log:28] Load skill thành công (3)
[2024-08-25 07:25:19 DEBUG Log:28] Load head avatar thành công (365)
[2024-08-25 07:25:19 DEBUG Log:28] Load flag bag thành công (108)
[2024-08-25 07:25:19 DEBUG Log:28] Load c?i trang thành công (359)
[2024-08-25 07:25:19 DEBUG Log:28] Load intrinsic thành công (26)
[2024-08-25 07:25:19 DEBUG Log:28] Load task thành công (33)
[2024-08-25 07:25:19 DEBUG Log:28] Load side task thành công (59)
[2024-08-25 07:25:19 DEBUG Log:28] Load map item template thành công (2115)
[2024-08-25 07:25:19 DEBUG Log:28] Load map item option template thành công (249)
[2024-08-25 07:25:20 DEBUG Log:28] Load shop thành công (24)
[2024-08-25 07:25:20 DEBUG Log:28] Load reward lucky round thành công! 98.26
[2024-08-25 07:25:20 DEBUG Log:28] Load reward lucky round thành công (87)
[2024-08-25 07:25:20 DEBUG Log:28] Load mob template thành công (84)
[2024-08-25 07:25:20 DEBUG Log:28] Load npc template thành công (81)
[2024-08-25 07:25:21 DEBUG Log:28] Init map thành công!
[2024-08-25 07:25:21 DEBUG Log:28] Thông báo t?i d? li?u images by name thành công (125)
[2024-08-25 07:25:21 DEBUG Log:28] Load clan thành công (128), clan next id: 150
[2024-08-25 07:25:21 DEBUG Log:20] T?ng th?i gian load database: 2244(ms)
[2024-08-25 07:25:21 DEBUG Log:20] Start server......... Current thread: 268
[2024-08-25 09:36:47 DEBUG Log:28] Load part thành công (1476)
[2024-08-25 09:36:47 DEBUG Log:28] Load map template thành công (163)
[2024-08-25 09:36:47 DEBUG Log:28] Load skill thành công (3)
[2024-08-25 09:36:47 DEBUG Log:28] Load head avatar thành công (365)
[2024-08-25 09:36:47 DEBUG Log:28] Load flag bag thành công (108)
[2024-08-25 09:36:47 DEBUG Log:28] Load c?i trang thành công (359)
[2024-08-25 09:36:47 DEBUG Log:28] Load intrinsic thành công (26)
[2024-08-25 09:36:47 DEBUG Log:28] Load task thành công (33)
[2024-08-25 09:36:47 DEBUG Log:28] Load side task thành công (59)
[2024-08-25 09:36:47 DEBUG Log:28] Load map item template thành công (2115)
[2024-08-25 09:36:47 DEBUG Log:28] Load map item option template thành công (249)
[2024-08-25 09:36:48 DEBUG Log:28] Load shop thành công (24)
[2024-08-25 09:36:48 DEBUG Log:28] Load reward lucky round thành công! 98.26
[2024-08-25 09:36:48 DEBUG Log:28] Load reward lucky round thành công (87)
[2024-08-25 09:36:48 DEBUG Log:28] Load mob template thành công (84)
[2024-08-25 09:36:48 DEBUG Log:28] Load npc template thành công (81)
[2024-08-25 09:36:49 DEBUG Log:28] Init map thành công!
[2024-08-25 09:36:49 DEBUG Log:28] Thông báo t?i d? li?u images by name thành công (125)
[2024-08-25 09:36:49 DEBUG Log:28] Load clan thành công (128), clan next id: 150
[2024-08-25 09:36:49 DEBUG Log:20] T?ng th?i gian load database: 3267(ms)
[2024-08-25 09:36:49 DEBUG Log:20] Start server......... Current thread: 271
[2024-08-25 09:44:21 DEBUG Log:28] Load part thành công (1476)
[2024-08-25 09:44:21 DEBUG Log:28] Load map template thành công (163)
[2024-08-25 09:44:21 DEBUG Log:28] Load skill thành công (3)
[2024-08-25 09:44:21 DEBUG Log:28] Load head avatar thành công (365)
[2024-08-25 09:44:21 DEBUG Log:28] Load flag bag thành công (108)
[2024-08-25 09:44:21 DEBUG Log:28] Load c?i trang thành công (359)
[2024-08-25 09:44:21 DEBUG Log:28] Load intrinsic thành công (26)
[2024-08-25 09:44:21 DEBUG Log:28] Load task thành công (33)
[2024-08-25 09:44:21 DEBUG Log:28] Load side task thành công (59)
[2024-08-25 09:44:21 DEBUG Log:28] Load map item template thành công (2115)
[2024-08-25 09:44:21 DEBUG Log:28] Load map item option template thành công (249)
[2024-08-25 09:44:22 DEBUG Log:28] Load shop thành công (24)
[2024-08-25 09:44:22 DEBUG Log:28] Load reward lucky round thành công! 98.26
[2024-08-25 09:44:22 DEBUG Log:28] Load reward lucky round thành công (87)
[2024-08-25 09:44:22 DEBUG Log:28] Load mob template thành công (84)
[2024-08-25 09:44:22 DEBUG Log:28] Load npc template thành công (81)
[2024-08-25 09:44:23 DEBUG Log:28] Init map thành công!
[2024-08-25 09:44:23 DEBUG Log:28] Thông báo t?i d? li?u images by name thành công (125)
[2024-08-25 09:44:23 DEBUG Log:28] Load clan thành công (128), clan next id: 150
[2024-08-25 09:44:23 DEBUG Log:20] T?ng th?i gian load database: 3608(ms)
[2024-08-25 09:44:24 DEBUG Log:20] Start server......... Current thread: 271
[2024-08-25 09:52:39 DEBUG Log:28] Load part thành công (1476)
[2024-08-25 09:52:39 DEBUG Log:28] Load map template thành công (163)
[2024-08-25 09:52:39 DEBUG Log:28] Load skill thành công (3)
[2024-08-25 09:52:39 DEBUG Log:28] Load head avatar thành công (365)
[2024-08-25 09:52:39 DEBUG Log:28] Load flag bag thành công (108)
[2024-08-25 09:52:39 DEBUG Log:28] Load c?i trang thành công (359)
[2024-08-25 09:52:39 DEBUG Log:28] Load intrinsic thành công (26)
[2024-08-25 09:52:39 DEBUG Log:28] Load task thành công (33)
[2024-08-25 09:52:39 DEBUG Log:28] Load side task thành công (59)
[2024-08-25 09:52:39 DEBUG Log:28] Load map item template thành công (2115)
[2024-08-25 09:52:39 DEBUG Log:28] Load map item option template thành công (249)
[2024-08-25 09:52:40 DEBUG Log:28] Load shop thành công (24)
[2024-08-25 09:52:40 DEBUG Log:28] Load reward lucky round thành công! 98.26
[2024-08-25 09:52:40 DEBUG Log:28] Load reward lucky round thành công (87)
[2024-08-25 09:52:40 DEBUG Log:28] Load mob template thành công (84)
[2024-08-25 09:52:40 DEBUG Log:28] Load npc template thành công (81)
[2024-08-25 09:52:41 DEBUG Log:28] Init map thành công!
[2024-08-25 09:52:41 DEBUG Log:28] Thông báo t?i d? li?u images by name thành công (125)
[2024-08-25 09:52:41 DEBUG Log:28] Load clan thành công (128), clan next id: 150
[2024-08-25 09:52:41 DEBUG Log:20] T?ng th?i gian load database: 3018(ms)
[2024-08-25 09:52:41 DEBUG Log:20] Start server......... Current thread: 246
[2024-08-25 09:56:14 DEBUG Log:28] Load part thành công (1476)
[2024-08-25 09:56:14 DEBUG Log:28] Load map template thành công (163)
[2024-08-25 09:56:14 DEBUG Log:28] Load skill thành công (3)
[2024-08-25 09:56:14 DEBUG Log:28] Load head avatar thành công (365)
[2024-08-25 09:56:14 DEBUG Log:28] Load flag bag thành công (108)
[2024-08-25 09:56:14 DEBUG Log:28] Load c?i trang thành công (359)
[2024-08-25 09:56:14 DEBUG Log:28] Load intrinsic thành công (26)
[2024-08-25 09:56:14 DEBUG Log:28] Load task thành công (33)
[2024-08-25 09:56:14 DEBUG Log:28] Load side task thành công (59)
[2024-08-25 09:56:14 DEBUG Log:28] Load map item template thành công (2115)
[2024-08-25 09:56:14 DEBUG Log:28] Load map item option template thành công (249)
[2024-08-25 09:56:15 DEBUG Log:28] Load shop thành công (24)
[2024-08-25 09:56:15 DEBUG Log:28] Load reward lucky round thành công! 98.26
[2024-08-25 09:56:15 DEBUG Log:28] Load reward lucky round thành công (87)
[2024-08-25 09:56:15 DEBUG Log:28] Load mob template thành công (84)
[2024-08-25 09:56:15 DEBUG Log:28] Load npc template thành công (81)
[2024-08-25 09:56:16 DEBUG Log:28] Init map thành công!
[2024-08-25 09:56:16 DEBUG Log:28] Thông báo t?i d? li?u images by name thành công (125)
[2024-08-25 09:56:16 DEBUG Log:28] Load clan thành công (128), clan next id: 150
[2024-08-25 09:56:16 DEBUG Log:20] T?ng th?i gian load database: 3149(ms)
[2024-08-25 09:56:16 DEBUG Log:20] Start server......... Current thread: 255
[2024-08-25 10:26:18 DEBUG Log:28] Load part thành công (1476)
[2024-08-25 10:26:18 DEBUG Log:28] Load map template thành công (163)
[2024-08-25 10:26:18 DEBUG Log:28] Load skill thành công (3)
[2024-08-25 10:26:18 DEBUG Log:28] Load head avatar thành công (365)
[2024-08-25 10:26:18 DEBUG Log:28] Load flag bag thành công (108)
[2024-08-25 10:26:18 DEBUG Log:28] Load c?i trang thành công (359)
[2024-08-25 10:26:18 DEBUG Log:28] Load intrinsic thành công (26)
[2024-08-25 10:26:18 DEBUG Log:28] Load task thành công (33)
[2024-08-25 10:26:18 DEBUG Log:28] Load side task thành công (59)
[2024-08-25 10:26:18 DEBUG Log:28] Load map item template thành công (2115)
[2024-08-25 10:26:18 DEBUG Log:28] Load map item option template thành công (249)
[2024-08-25 10:26:19 DEBUG Log:28] Load shop thành công (24)
[2024-08-25 10:26:19 DEBUG Log:28] Load reward lucky round thành công! 98.26
[2024-08-25 10:26:19 DEBUG Log:28] Load reward lucky round thành công (87)
[2024-08-25 10:26:19 DEBUG Log:28] Load mob template thành công (84)
[2024-08-25 10:26:19 DEBUG Log:28] Load npc template thành công (81)
[2024-08-25 10:26:20 DEBUG Log:28] Init map thành công!
[2024-08-25 10:26:20 DEBUG Log:28] Thông báo t?i d? li?u images by name thành công (125)
[2024-08-25 10:26:20 DEBUG Log:28] Load clan thành công (128), clan next id: 150
[2024-08-25 10:26:20 DEBUG Log:20] T?ng th?i gian load database: 3037(ms)
[2024-08-25 10:26:20 DEBUG Log:20] Start server......... Current thread: 260
[2024-08-25 10:37:10 DEBUG Log:28] Load part thành công (1476)
[2024-08-25 10:37:11 DEBUG Log:28] Load map template thành công (163)
[2024-08-25 10:37:11 DEBUG Log:28] Load skill thành công (3)
[2024-08-25 10:37:11 DEBUG Log:28] Load head avatar thành công (365)
[2024-08-25 10:37:11 DEBUG Log:28] Load flag bag thành công (108)
[2024-08-25 10:37:11 DEBUG Log:28] Load c?i trang thành công (359)
[2024-08-25 10:37:11 DEBUG Log:28] Load intrinsic thành công (26)
[2024-08-25 10:37:11 DEBUG Log:28] Load task thành công (33)
[2024-08-25 10:37:11 DEBUG Log:28] Load side task thành công (59)
[2024-08-25 10:37:11 DEBUG Log:28] Load map item template thành công (2115)
[2024-08-25 10:37:11 DEBUG Log:28] Load map item option template thành công (249)
[2024-08-25 10:37:12 DEBUG Log:28] Load shop thành công (24)
[2024-08-25 10:37:12 DEBUG Log:28] Load reward lucky round thành công! 98.26
[2024-08-25 10:37:12 DEBUG Log:28] Load reward lucky round thành công (87)
[2024-08-25 10:37:12 DEBUG Log:28] Load mob template thành công (84)
[2024-08-25 10:37:12 DEBUG Log:28] Load npc template thành công (81)
[2024-08-25 10:37:13 DEBUG Log:28] Init map thành công!
[2024-08-25 10:37:13 DEBUG Log:28] Thông báo t?i d? li?u images by name thành công (125)
[2024-08-25 10:37:13 DEBUG Log:28] Load clan thành công (128), clan next id: 150
[2024-08-25 10:37:13 DEBUG Log:20] T?ng th?i gian load database: 3734(ms)
[2024-08-25 10:37:14 DEBUG Log:20] Start server......... Current thread: 269
[2024-08-25 10:40:45 DEBUG Log:28] Load part thành công (1476)
[2024-08-25 10:40:45 DEBUG Log:28] Load map template thành công (163)
[2024-08-25 10:40:45 DEBUG Log:28] Load skill thành công (3)
[2024-08-25 10:40:45 DEBUG Log:28] Load head avatar thành công (365)
[2024-08-25 10:40:45 DEBUG Log:28] Load flag bag thành công (108)
[2024-08-25 10:40:45 DEBUG Log:28] Load c?i trang thành công (359)
[2024-08-25 10:40:45 DEBUG Log:28] Load intrinsic thành công (26)
[2024-08-25 10:40:46 DEBUG Log:28] Load task thành công (33)
[2024-08-25 10:40:46 DEBUG Log:28] Load side task thành công (59)
[2024-08-25 10:40:46 DEBUG Log:28] Load map item template thành công (2115)
[2024-08-25 10:40:46 DEBUG Log:28] Load map item option template thành công (249)
[2024-08-25 10:40:47 DEBUG Log:28] Load shop thành công (24)
[2024-08-25 10:40:47 DEBUG Log:28] Load reward lucky round thành công! 98.26
[2024-08-25 10:40:47 DEBUG Log:28] Load reward lucky round thành công (87)
[2024-08-25 10:40:47 DEBUG Log:28] Load mob template thành công (84)
[2024-08-25 10:40:47 DEBUG Log:28] Load npc template thành công (81)
[2024-08-25 10:40:48 DEBUG Log:28] Init map thành công!
[2024-08-25 10:40:48 DEBUG Log:28] Thông báo t?i d? li?u images by name thành công (125)
[2024-08-25 10:40:48 DEBUG Log:28] Load clan thành công (128), clan next id: 150
[2024-08-25 10:40:48 DEBUG Log:20] T?ng th?i gian load database: 4139(ms)
[2024-08-25 10:40:49 DEBUG Log:20] Start server......... Current thread: 267
[2024-08-25 20:13:33 DEBUG Log:28] Load part thành công (1476)
[2024-08-25 20:13:34 DEBUG Log:28] Load map template thành công (163)
[2024-08-25 20:13:34 DEBUG Log:28] Load skill thành công (3)
[2024-08-25 20:13:34 DEBUG Log:28] Load head avatar thành công (365)
[2024-08-25 20:13:34 DEBUG Log:28] Load flag bag thành công (108)
[2024-08-25 20:13:34 DEBUG Log:28] Load c?i trang thành công (359)
[2024-08-25 20:13:34 DEBUG Log:28] Load intrinsic thành công (26)
[2024-08-25 20:13:34 DEBUG Log:28] Load task thành công (33)
[2024-08-25 20:13:34 DEBUG Log:28] Load side task thành công (59)
[2024-08-25 20:13:34 DEBUG Log:28] Load map item template thành công (2115)
[2024-08-25 20:13:34 DEBUG Log:28] Load map item option template thành công (249)
[2024-08-25 20:13:35 DEBUG Log:28] Load shop thành công (24)
[2024-08-25 20:13:35 DEBUG Log:28] Load reward lucky round thành công! 98.26
[2024-08-25 20:13:36 DEBUG Log:28] Load reward lucky round thành công (87)
[2024-08-25 20:13:36 DEBUG Log:28] Load mob template thành công (84)
[2024-08-25 20:13:36 DEBUG Log:28] Load npc template thành công (81)
[2024-08-25 20:13:39 DEBUG Log:28] Init map thành công!
[2024-08-25 20:13:39 DEBUG Log:28] Thông báo t?i d? li?u images by name thành công (125)
[2024-08-25 20:13:39 DEBUG Log:28] Load clan thành công (128), clan next id: 150
[2024-08-25 20:13:39 DEBUG Log:20] T?ng th?i gian load database: 6824(ms)
[2024-08-25 20:13:39 DEBUG Log:20] Start server......... Current thread: 269
[2024-08-25 20:17:43 DEBUG Log:28] Load part thành công (1476)
[2024-08-25 20:17:43 DEBUG Log:28] Load map template thành công (163)
[2024-08-25 20:17:43 DEBUG Log:28] Load skill thành công (3)
[2024-08-25 20:17:43 DEBUG Log:28] Load head avatar thành công (365)
[2024-08-25 20:17:43 DEBUG Log:28] Load flag bag thành công (108)
[2024-08-25 20:17:43 DEBUG Log:28] Load c?i trang thành công (359)
[2024-08-25 20:17:43 DEBUG Log:28] Load intrinsic thành công (26)
[2024-08-25 20:17:43 DEBUG Log:28] Load task thành công (33)
[2024-08-25 20:17:43 DEBUG Log:28] Load side task thành công (59)
[2024-08-25 20:17:43 DEBUG Log:28] Load map item template thành công (2115)
[2024-08-25 20:17:43 DEBUG Log:28] Load map item option template thành công (249)
[2024-08-25 20:17:44 DEBUG Log:28] Load shop thành công (24)
[2024-08-25 20:17:44 DEBUG Log:28] Load reward lucky round thành công! 98.26
[2024-08-25 20:17:44 DEBUG Log:28] Load reward lucky round thành công (87)
[2024-08-25 20:17:44 DEBUG Log:28] Load mob template thành công (84)
[2024-08-25 20:17:44 DEBUG Log:28] Load npc template thành công (81)
[2024-08-25 20:17:45 DEBUG Log:28] Init map thành công!
[2024-08-25 20:17:45 DEBUG Log:28] Thông báo t?i d? li?u images by name thành công (125)
[2024-08-25 20:17:45 DEBUG Log:28] Load clan thành công (128), clan next id: 150
[2024-08-25 20:17:45 DEBUG Log:20] T?ng th?i gian load database: 2321(ms)
[2024-08-25 20:17:45 DEBUG Log:20] Start server......... Current thread: 273
[2024-08-25 20:25:47 DEBUG Log:28] Load part thành công (1476)
[2024-08-25 20:25:47 DEBUG Log:28] Load map template thành công (163)
[2024-08-25 20:25:47 DEBUG Log:28] Load skill thành công (3)
[2024-08-25 20:25:47 DEBUG Log:28] Load head avatar thành công (365)
[2024-08-25 20:25:47 DEBUG Log:28] Load flag bag thành công (108)
[2024-08-25 20:25:47 DEBUG Log:28] Load c?i trang thành công (359)
[2024-08-25 20:25:47 DEBUG Log:28] Load intrinsic thành công (26)
[2024-08-25 20:25:47 DEBUG Log:28] Load task thành công (33)
[2024-08-25 20:25:47 DEBUG Log:28] Load side task thành công (59)
[2024-08-25 20:25:47 DEBUG Log:28] Load map item template thành công (2115)
[2024-08-25 20:25:47 DEBUG Log:28] Load map item option template thành công (249)
[2024-08-25 20:25:47 DEBUG Log:28] Load shop thành công (24)
[2024-08-25 20:25:47 DEBUG Log:28] Load reward lucky round thành công! 98.26
[2024-08-25 20:25:47 DEBUG Log:28] Load reward lucky round thành công (87)
[2024-08-25 20:25:47 DEBUG Log:28] Load mob template thành công (84)
[2024-08-25 20:25:47 DEBUG Log:28] Load npc template thành công (81)
[2024-08-25 20:25:48 DEBUG Log:28] Init map thành công!
[2024-08-25 20:25:48 DEBUG Log:28] Thông báo t?i d? li?u images by name thành công (125)
[2024-08-25 20:25:48 DEBUG Log:28] Load clan thành công (128), clan next id: 150
[2024-08-25 20:25:48 DEBUG Log:20] T?ng th?i gian load database: 1838(ms)
[2024-08-25 20:25:48 DEBUG Log:20] Start server......... Current thread: 270
[2024-08-25 20:37:22 ERROR Controller:576] Err controller message command: -118
java.lang.IndexOutOfBoundsException: Index 6 out of bounds for length 5
	at java.base/jdk.internal.util.Preconditions.outOfBounds(Preconditions.java:64)
	at java.base/jdk.internal.util.Preconditions.outOfBoundsCheckIndex(Preconditions.java:70)
	at java.base/jdk.internal.util.Preconditions.checkIndex(Preconditions.java:266)
	at java.base/java.util.Objects.checkIndex(Objects.java:359)
	at java.base/java.util.ArrayList.get(ArrayList.java:427)
	at nro.utils.SkillUtil.createSkill(SkillUtil.java:36)
	at nro.models.boss.Boss.initSkill(Boss.java:214)
	at nro.models.boss.Boss.init(Boss.java:200)
	at nro.models.boss.Boss.respawn(Boss.java:598)
	at nro.models.boss.Boss.<init>(Boss.java:134)
	at nro.models.sieu_hang.CloneSieuHang.<init>(CloneSieuHang.java:25)
	at nro.models.sieu_hang.SieuHang.initClonePlayer(SieuHang.java:112)
	at nro.manager.SieuHangControl.startChallenge(SieuHangControl.java:159)
	at nro.manager.SieuHangControl.InviteOther(SieuHangControl.java:108)
	at nro.server.Controller.onMessage(Controller.java:81)
	at nro.server.io.MessageCollector.run(MessageCollector.java:38)
	at java.base/java.lang.Thread.run(Thread.java:842)
[2024-08-25 20:39:34 ERROR Controller:576] Err controller message command: -118
java.lang.IndexOutOfBoundsException: Index 6 out of bounds for length 5
	at java.base/jdk.internal.util.Preconditions.outOfBounds(Preconditions.java:64)
	at java.base/jdk.internal.util.Preconditions.outOfBoundsCheckIndex(Preconditions.java:70)
	at java.base/jdk.internal.util.Preconditions.checkIndex(Preconditions.java:266)
	at java.base/java.util.Objects.checkIndex(Objects.java:359)
	at java.base/java.util.ArrayList.get(ArrayList.java:427)
	at nro.utils.SkillUtil.createSkill(SkillUtil.java:36)
	at nro.models.boss.Boss.initSkill(Boss.java:214)
	at nro.models.boss.Boss.init(Boss.java:200)
	at nro.models.boss.Boss.respawn(Boss.java:598)
	at nro.models.boss.Boss.<init>(Boss.java:134)
	at nro.models.sieu_hang.CloneSieuHang.<init>(CloneSieuHang.java:25)
	at nro.models.sieu_hang.SieuHang.initClonePlayer(SieuHang.java:112)
	at nro.manager.SieuHangControl.startChallenge(SieuHangControl.java:159)
	at nro.manager.SieuHangControl.InviteOther(SieuHangControl.java:108)
	at nro.server.Controller.onMessage(Controller.java:81)
	at nro.server.io.MessageCollector.run(MessageCollector.java:38)
	at java.base/java.lang.Thread.run(Thread.java:842)
[2024-08-25 20:40:15 ERROR Controller:576] Err controller message command: -118
java.lang.IndexOutOfBoundsException: Index 6 out of bounds for length 5
	at java.base/jdk.internal.util.Preconditions.outOfBounds(Preconditions.java:64)
	at java.base/jdk.internal.util.Preconditions.outOfBoundsCheckIndex(Preconditions.java:70)
	at java.base/jdk.internal.util.Preconditions.checkIndex(Preconditions.java:266)
	at java.base/java.util.Objects.checkIndex(Objects.java:359)
	at java.base/java.util.ArrayList.get(ArrayList.java:427)
	at nro.utils.SkillUtil.createSkill(SkillUtil.java:36)
	at nro.models.boss.Boss.initSkill(Boss.java:214)
	at nro.models.boss.Boss.init(Boss.java:200)
	at nro.models.boss.Boss.respawn(Boss.java:598)
	at nro.models.boss.Boss.<init>(Boss.java:134)
	at nro.models.sieu_hang.CloneSieuHang.<init>(CloneSieuHang.java:25)
	at nro.models.sieu_hang.SieuHang.initClonePlayer(SieuHang.java:112)
	at nro.manager.SieuHangControl.startChallenge(SieuHangControl.java:159)
	at nro.manager.SieuHangControl.InviteOther(SieuHangControl.java:108)
	at nro.server.Controller.onMessage(Controller.java:81)
	at nro.server.io.MessageCollector.run(MessageCollector.java:38)
	at java.base/java.lang.Thread.run(Thread.java:842)
[2024-08-25 20:41:51 ERROR Controller:576] Err controller message command: -118
java.lang.IndexOutOfBoundsException: Index 6 out of bounds for length 5
	at java.base/jdk.internal.util.Preconditions.outOfBounds(Preconditions.java:64)
	at java.base/jdk.internal.util.Preconditions.outOfBoundsCheckIndex(Preconditions.java:70)
	at java.base/jdk.internal.util.Preconditions.checkIndex(Preconditions.java:266)
	at java.base/java.util.Objects.checkIndex(Objects.java:359)
	at java.base/java.util.ArrayList.get(ArrayList.java:427)
	at nro.utils.SkillUtil.createSkill(SkillUtil.java:36)
	at nro.models.boss.Boss.initSkill(Boss.java:214)
	at nro.models.boss.Boss.init(Boss.java:200)
	at nro.models.boss.Boss.respawn(Boss.java:598)
	at nro.models.boss.Boss.<init>(Boss.java:134)
	at nro.models.sieu_hang.CloneSieuHang.<init>(CloneSieuHang.java:25)
	at nro.models.sieu_hang.SieuHang.initClonePlayer(SieuHang.java:112)
	at nro.manager.SieuHangControl.startChallenge(SieuHangControl.java:159)
	at nro.manager.SieuHangControl.InviteOther(SieuHangControl.java:108)
	at nro.server.Controller.onMessage(Controller.java:81)
	at nro.server.io.MessageCollector.run(MessageCollector.java:38)
	at java.base/java.lang.Thread.run(Thread.java:842)
[2024-08-25 20:42:38 ERROR Controller:576] Err controller message command: 32
java.lang.IndexOutOfBoundsException: Index 6 out of bounds for length 5
	at java.base/jdk.internal.util.Preconditions.outOfBounds(Preconditions.java:64)
	at java.base/jdk.internal.util.Preconditions.outOfBoundsCheckIndex(Preconditions.java:70)
	at java.base/jdk.internal.util.Preconditions.checkIndex(Preconditions.java:266)
	at java.base/java.util.Objects.checkIndex(Objects.java:359)
	at java.base/java.util.ArrayList.get(ArrayList.java:427)
	at nro.utils.SkillUtil.createSkill(SkillUtil.java:36)
	at nro.models.boss.Boss.initSkill(Boss.java:214)
	at nro.models.boss.Boss.init(Boss.java:200)
	at nro.models.boss.Boss.respawn(Boss.java:598)
	at nro.models.boss.Boss.<init>(Boss.java:134)
	at nro.models.sieu_hang.CloneSieuHang.<init>(CloneSieuHang.java:25)
	at nro.models.sieu_hang.SieuHang.initClonePlayer(SieuHang.java:112)
	at nro.manager.SieuHangControl.startChallenge(SieuHangControl.java:159)
	at nro.manager.SieuHangControl.InviteOneRankHigher(SieuHangControl.java:135)
	at nro.services.SieuHangService.startChallenge(SieuHangService.java:26)
	at nro.models.npc.NpcFactory$32.confirmMenu(NpcFactory.java:3783)
	at nro.server.MenuController.doSelectMenu(MenuController.java:56)
	at nro.server.Controller.onMessage(Controller.java:498)
	at nro.server.io.MessageCollector.run(MessageCollector.java:38)
	at java.base/java.lang.Thread.run(Thread.java:842)
[2024-08-25 20:47:56 DEBUG Log:28] Load part thành công (1476)
[2024-08-25 20:47:56 DEBUG Log:28] Load map template thành công (163)
[2024-08-25 20:47:56 DEBUG Log:28] Load skill thành công (3)
[2024-08-25 20:47:56 DEBUG Log:28] Load head avatar thành công (365)
[2024-08-25 20:47:56 DEBUG Log:28] Load flag bag thành công (108)
[2024-08-25 20:47:56 DEBUG Log:28] Load c?i trang thành công (359)
[2024-08-25 20:47:56 DEBUG Log:28] Load intrinsic thành công (26)
[2024-08-25 20:47:56 DEBUG Log:28] Load task thành công (33)
[2024-08-25 20:47:56 DEBUG Log:28] Load side task thành công (59)
[2024-08-25 20:47:56 DEBUG Log:28] Load map item template thành công (2115)
[2024-08-25 20:47:56 DEBUG Log:28] Load map item option template thành công (249)
[2024-08-25 20:47:56 DEBUG Log:28] Load shop thành công (24)
[2024-08-25 20:47:56 DEBUG Log:28] Load reward lucky round thành công! 98.26
[2024-08-25 20:47:56 DEBUG Log:28] Load reward lucky round thành công (87)
[2024-08-25 20:47:56 DEBUG Log:28] Load mob template thành công (84)
[2024-08-25 20:47:56 DEBUG Log:28] Load npc template thành công (81)
[2024-08-25 20:47:57 DEBUG Log:28] Init map thành công!
[2024-08-25 20:47:57 DEBUG Log:28] Thông báo t?i d? li?u images by name thành công (125)
[2024-08-25 20:47:57 DEBUG Log:28] Load clan thành công (128), clan next id: 150
[2024-08-25 20:47:57 DEBUG Log:20] T?ng th?i gian load database: 2246(ms)
[2024-08-25 20:47:57 DEBUG Log:20] Start server......... Current thread: 269
[2024-08-25 20:47:57 ERROR Log:48] nro.server.ServerManager:L?i m? port
java.net.BindException: Address already in use: bind
	at java.base/sun.nio.ch.Net.bind0(Native Method)
	at java.base/sun.nio.ch.Net.bind(Net.java:555)
	at java.base/sun.nio.ch.Net.bind(Net.java:544)
	at java.base/sun.nio.ch.NioSocketImpl.bind(NioSocketImpl.java:648)
	at java.base/java.net.ServerSocket.bind(ServerSocket.java:388)
	at java.base/java.net.ServerSocket.<init>(ServerSocket.java:274)
	at java.base/java.net.ServerSocket.<init>(ServerSocket.java:167)
	at nro.server.ServerManager.activeServerSocket(ServerManager.java:147)
	at nro.server.ServerManager.run(ServerManager.java:132)
	at nro.server.ServerManager.main(ServerManager.java:114)
[2024-08-25 20:48:59 DEBUG Log:28] Load part thành công (1476)
[2024-08-25 20:48:59 DEBUG Log:28] Load map template thành công (163)
[2024-08-25 20:48:59 DEBUG Log:28] Load skill thành công (3)
[2024-08-25 20:48:59 DEBUG Log:28] Load head avatar thành công (365)
[2024-08-25 20:48:59 DEBUG Log:28] Load flag bag thành công (108)
[2024-08-25 20:48:59 DEBUG Log:28] Load c?i trang thành công (359)
[2024-08-25 20:48:59 DEBUG Log:28] Load intrinsic thành công (26)
[2024-08-25 20:48:59 DEBUG Log:28] Load task thành công (33)
[2024-08-25 20:48:59 DEBUG Log:28] Load side task thành công (59)
[2024-08-25 20:48:59 DEBUG Log:28] Load map item template thành công (2115)
[2024-08-25 20:48:59 DEBUG Log:28] Load map item option template thành công (249)
[2024-08-25 20:49:00 DEBUG Log:28] Load shop thành công (24)
[2024-08-25 20:49:00 DEBUG Log:28] Load reward lucky round thành công! 98.26
[2024-08-25 20:49:00 DEBUG Log:28] Load reward lucky round thành công (87)
[2024-08-25 20:49:00 DEBUG Log:28] Load mob template thành công (84)
[2024-08-25 20:49:00 DEBUG Log:28] Load npc template thành công (81)
[2024-08-25 20:49:01 DEBUG Log:28] Init map thành công!
[2024-08-25 20:49:01 DEBUG Log:28] Thông báo t?i d? li?u images by name thành công (125)
[2024-08-25 20:49:01 DEBUG Log:28] Load clan thành công (128), clan next id: 150
[2024-08-25 20:49:01 DEBUG Log:20] T?ng th?i gian load database: 2328(ms)
[2024-08-25 20:49:01 DEBUG Log:20] Start server......... Current thread: 273
[2024-08-25 20:49:44 ERROR Controller:576] Err controller message command: 32
java.lang.IndexOutOfBoundsException: Index 6 out of bounds for length 5
	at java.base/jdk.internal.util.Preconditions.outOfBounds(Preconditions.java:64)
	at java.base/jdk.internal.util.Preconditions.outOfBoundsCheckIndex(Preconditions.java:70)
	at java.base/jdk.internal.util.Preconditions.checkIndex(Preconditions.java:266)
	at java.base/java.util.Objects.checkIndex(Objects.java:359)
	at java.base/java.util.ArrayList.get(ArrayList.java:427)
	at nro.utils.SkillUtil.createSkill(SkillUtil.java:36)
	at nro.models.boss.Boss.initSkill(Boss.java:215)
	at nro.models.boss.Boss.init(Boss.java:200)
	at nro.models.boss.Boss.respawn(Boss.java:599)
	at nro.models.boss.Boss.<init>(Boss.java:134)
	at nro.models.sieu_hang.CloneSieuHang.<init>(CloneSieuHang.java:25)
	at nro.models.sieu_hang.SieuHang.initClonePlayer(SieuHang.java:112)
	at nro.manager.SieuHangControl.startChallenge(SieuHangControl.java:159)
	at nro.manager.SieuHangControl.InviteOneRankHigher(SieuHangControl.java:135)
	at nro.services.SieuHangService.startChallenge(SieuHangService.java:26)
	at nro.models.npc.NpcFactory$32.confirmMenu(NpcFactory.java:3783)
	at nro.server.MenuController.doSelectMenu(MenuController.java:56)
	at nro.server.Controller.onMessage(Controller.java:498)
	at nro.server.io.MessageCollector.run(MessageCollector.java:38)
	at java.base/java.lang.Thread.run(Thread.java:842)
[2024-08-25 20:54:24 DEBUG Log:28] Load part thành công (1476)
[2024-08-25 20:54:24 DEBUG Log:28] Load map template thành công (163)
[2024-08-25 20:54:24 DEBUG Log:28] Load skill thành công (3)
[2024-08-25 20:54:24 DEBUG Log:28] Load head avatar thành công (365)
[2024-08-25 20:54:24 DEBUG Log:28] Load flag bag thành công (108)
[2024-08-25 20:54:24 DEBUG Log:28] Load c?i trang thành công (359)
[2024-08-25 20:54:24 DEBUG Log:28] Load intrinsic thành công (26)
[2024-08-25 20:54:24 DEBUG Log:28] Load task thành công (33)
[2024-08-25 20:54:24 DEBUG Log:28] Load side task thành công (59)
[2024-08-25 20:54:24 DEBUG Log:28] Load map item template thành công (2115)
[2024-08-25 20:54:24 DEBUG Log:28] Load map item option template thành công (249)
[2024-08-25 20:54:25 DEBUG Log:28] Load shop thành công (24)
[2024-08-25 20:54:25 DEBUG Log:28] Load reward lucky round thành công! 98.26
[2024-08-25 20:54:25 DEBUG Log:28] Load reward lucky round thành công (87)
[2024-08-25 20:54:25 DEBUG Log:28] Load mob template thành công (84)
[2024-08-25 20:54:25 DEBUG Log:28] Load npc template thành công (81)
[2024-08-25 20:54:26 DEBUG Log:28] Init map thành công!
[2024-08-25 20:54:26 DEBUG Log:28] Thông báo t?i d? li?u images by name thành công (125)
[2024-08-25 20:54:26 DEBUG Log:28] Load clan thành công (128), clan next id: 150
[2024-08-25 20:54:26 DEBUG Log:20] T?ng th?i gian load database: 2488(ms)
[2024-08-25 20:54:26 DEBUG Log:20] Start server......... Current thread: 259
[2024-08-25 20:56:36 DEBUG Log:28] Load part thành công (1476)
[2024-08-25 20:56:36 DEBUG Log:28] Load map template thành công (163)
[2024-08-25 20:56:36 DEBUG Log:28] Load skill thành công (3)
[2024-08-25 20:56:36 DEBUG Log:28] Load head avatar thành công (365)
[2024-08-25 20:56:36 DEBUG Log:28] Load flag bag thành công (108)
[2024-08-25 20:56:36 DEBUG Log:28] Load c?i trang thành công (359)
[2024-08-25 20:56:36 DEBUG Log:28] Load intrinsic thành công (26)
[2024-08-25 20:56:36 DEBUG Log:28] Load task thành công (33)
[2024-08-25 20:56:36 DEBUG Log:28] Load side task thành công (59)
[2024-08-25 20:56:36 DEBUG Log:28] Load map item template thành công (2115)
[2024-08-25 20:56:36 DEBUG Log:28] Load map item option template thành công (249)
[2024-08-25 20:56:36 DEBUG Log:28] Load shop thành công (24)
[2024-08-25 20:56:36 DEBUG Log:28] Load reward lucky round thành công! 98.26
[2024-08-25 20:56:36 DEBUG Log:28] Load reward lucky round thành công (87)
[2024-08-25 20:56:36 DEBUG Log:28] Load mob template thành công (84)
[2024-08-25 20:56:36 DEBUG Log:28] Load npc template thành công (81)
[2024-08-25 20:56:37 DEBUG Log:28] Init map thành công!
[2024-08-25 20:56:37 DEBUG Log:28] Thông báo t?i d? li?u images by name thành công (125)
[2024-08-25 20:56:37 DEBUG Log:28] Load clan thành công (128), clan next id: 150
[2024-08-25 20:56:37 DEBUG Log:20] T?ng th?i gian load database: 1153(ms)
[2024-08-25 20:56:37 DEBUG Log:20] Start server......... Current thread: 261
